<?xml version="1.0" encoding="UTF-8"?>
<!-- Generated by org.testng.reporters.JUnitReportReporter -->
<testsuite hostname="LAPTOP-4RFDFFSE" failures="0" tests="1" name="testScript.AdminUserTest" time="8.925" errors="0" timestamp="2025-05-28T14:47:31 IST" skipped="0">
  <testcase classname="testScript.AdminUserTest" name="verifytheSearchofAddedUser" time="8.925"/>
</testsuite> <!-- testScript.AdminUserTest -->
