<?xml version="1.0" encoding="UTF-8"?>
<!-- Generated by org.testng.reporters.JUnitReportReporter -->
<testsuite hostname="LAPTOP-4RFDFFSE" failures="0" tests="1" name="testScript.ManageNewsTest" time="6.098" errors="0" timestamp="2025-05-22T00:50:53 IST" skipped="0">
  <testcase classname="testScript.ManageNewsTest" name="verifyNavigationToManageNews" time="6.098"/>
</testsuite> <!-- testScript.ManageNewsTest -->
