<?xml version="1.0" encoding="UTF-8"?>
<!-- Generated by org.testng.reporters.JUnitReportReporter -->
<testsuite hostname="LAPTOP-4RFDFFSE" failures="0" tests="2" name="testScript.AdminUserTest" time="9.129" errors="0" timestamp="2025-05-22T01:22:25 IST" skipped="0">
  <testcase classname="testScript.AdminUserTest" name="verifytheSearchofAddedUser" time="3.399"/>
  <testcase classname="testScript.AdminUserTest" name="verifyUserabletoCreateNewAdminuser" time="5.730"/>
</testsuite> <!-- testScript.AdminUserTest -->
