<?xml version="1.0" encoding="UTF-8"?>
<!-- Generated by org.testng.reporters.JUnitReportReporter -->
<testsuite hostname="LAPTOP-4RFDFFSE" failures="0" tests="1" name="testScript.ManageNewsTest" time="12.145" errors="0" timestamp="2025-05-28T14:58:54 IST" skipped="0">
  <testcase classname="testScript.ManageNewsTest" name="verifyAddNews" time="12.145"/>
</testsuite> <!-- testScript.ManageNewsTest -->
