<?xml version="1.0" encoding="UTF-8"?>
<!-- Generated by org.testng.reporters.JUnitReportReporter -->
<testsuite hostname="LAPTOP-4RFDFFSE" failures="0" tests="1" name="testScript.LoginTest" time="4.914" errors="0" timestamp="2025-05-21T23:52:23 IST" skipped="0">
  <testcase classname="testScript.LoginTest" name="verifyUsercansuccessfullyloginwithvalidcredentials" time="4.914"/>
</testsuite> <!-- testScript.LoginTest -->
