<?xml version="1.0" encoding="UTF-8"?>
<!-- Generated by org.testng.reporters.JUnitReportReporter -->
<testsuite hostname="LAPTOP-4RFDFFSE" failures="0" tests="3" name="testScript.HomeTest" time="106.099" errors="0" timestamp="2025-05-26T14:36:27 IST" skipped="0">
  <testcase classname="testScript.HomeTest" name="verifyUserLogoutFromHomepage" time="33.931"/>
  <testcase classname="testScript.HomeTest" name="verifyUserLogoutFromHomepage" time="35.672"/>
  <testcase classname="testScript.HomeTest" name="verifyUserLogoutFromHomepage" time="36.496"/>
</testsuite> <!-- testScript.HomeTest -->
