<?xml version="1.0" encoding="UTF-8"?>
<!-- Generated by org.testng.reporters.JUnitReportReporter -->
<testsuite hostname="LAPTOP-4RFDFFSE" failures="0" tests="1" name="testScript.ManageCategoryTest" time="8.851" errors="0" timestamp="2025-05-28T23:38:22 IST" skipped="0">
  <testcase classname="testScript.ManageCategoryTest" name="verifyAddCategory" time="8.851"/>
</testsuite> <!-- testScript.ManageCategoryTest -->
