<?xml version="1.0" encoding="UTF-8"?>
<!-- Generated by org.testng.reporters.JUnitReportReporter -->
<testsuite hostname="LAPTOP-4RFDFFSE" failures="0" tests="1" name="testScript.HomeTest" time="8.135" errors="0" timestamp="2025-05-28T14:35:12 IST" skipped="0">
  <testcase classname="testScript.HomeTest" name="verifyUserLogoutFromHomepage" time="8.135"/>
</testsuite> <!-- testScript.HomeTest -->
