<?xml version="1.0" encoding="UTF-8"?>
<!-- Generated by org.testng.reporters.JUnitReportReporter -->
<testsuite hostname="LAPTOP-4RFDFFSE" failures="0" tests="1" name="testScript.LoginTest" time="6.397" errors="0" timestamp="2025-05-28T14:31:26 IST" skipped="0">
  <testcase classname="testScript.LoginTest" name="verifyUserLoginWithInvalidCredentials" time="6.397"/>
</testsuite> <!-- testScript.LoginTest -->
