<?xml version="1.0" encoding="UTF-8"?>
<!-- Generated by org.testng.reporters.JUnitReportReporter -->
<testsuite hostname="LAPTOP-4RFDFFSE" failures="0" tests="1" name="testScript.ManageCategoryTest" time="5.294" errors="0" timestamp="2025-05-22T11:34:24 IST" skipped="0">
  <testcase classname="testScript.ManageCategoryTest" name="verifySearchCategory" time="5.294"/>
</testsuite> <!-- testScript.ManageCategoryTest -->
