<?xml version="1.0" encoding="UTF-8"?>
<!-- Generated by org.testng.reporters.JUnitReportReporter -->
<testsuite hostname="LAPTOP-4RFDFFSE" failures="0" tests="1" name="testScript.ManageCategoryTest" time="10.301" errors="0" timestamp="2025-05-28T15:08:27 IST" skipped="0">
  <testcase classname="testScript.ManageCategoryTest" name="verifySearchCategory" time="10.301"/>
</testsuite> <!-- testScript.ManageCategoryTest -->
